#>>> 2024-03-11 04:07:20
1 START 1710144441 a76ab1c83c04762d2c6e2686f6f79370f08a3060
1 CHECK_OK 1710144552 ac5821cf61e51e66b9e63855229156d50e3a2372
2 START 1710144552 f41bd96655c9eea21dc833af2c61c0a20740486c
2 CHECK_OK 1710144586 bd07498cf817a84d6bb37794540dca0782ab9d16
3 START 1710144586 166940891723a5349ca52c42ac2186d957187c23
3 CHECK_OOPS 1710144607 5f3945c9a5c68efeed729f64d041410b6a7ecfdb
3 START 1710144607 b030b7c4f21f0c7ed41d201e614412c30276114a
3 CHECK_OK 1710144638 0874cd84d30b5d260fb108b75bd86eceb6bf1ea9
4 START 1710144638 1def1f173836d2a3f60a1135b9356825f76593e1
4 CHECK_OOPS 1710144657 b28667887d2bcd26582212554bef4ab8e0080604
4 START 1710144657 0c9ccfedc9d2d58750d0a3491239d4b694ce21c2
4 CHECK_OOPS 1710144667 68f60c45e2ff9fa5d9f0b84cc8ca73227b5cb9e9
4 START 1710144667 207fa2147db32a93f00dff0f799bf49eb8321178
4 CHECK_OK 1710144714 e4497216581110d9aa8e97975a9138af013d3e34
5 START 1710144714 38736bc12c680fab6c40837e6edb6ef34e700382
5 CHECK_OK 1710144735 36d2538d13a1369c22d61836659ec0db83b80866
6 START 1710144735 b8bdc07ca7ff119ed52304a593c54b350afce64f
6 CHECK_OK 1710144765 7d9af619058036b614844a31d33549bec3d535d3
7 START 1710144765 4b4e1a3b00e865991f07c3443ec8a427e31e0658
7 CHECK_OK 1710144806 622fd2e33721a3827286348295e113100224d155
8 START 1710144806 6fb29884082f008f6d8f806e74f93aeeef5cc253
8 CHECK_OK 1710144832 ff11b70cc0de1c6f0e5078b588b4c48437c280b3
9 START 1710144832 2effdc5e3b2a0195956d3e08e2b52df2711afcbc
9 CHECK_OK 1710144871 1d00612bb7c491451061a1395449a7cad196ea27
10 START 1710144871 22c4bb03cd8cf616175cb25e7ac76f00a0a1fd5e
10 CHECK_OK 1710144919 dd06b214fb0560d522d1c678df4dbee2f4141953
11 START 1710144919 ea45fe854bd5688cd9c8c8b81a75666175b1a14b
11 CHECK_OK 1710144957 0bc0368d3cd3e09d7a347b123b2dd2d04763f733
12 START 1710144957 901a1df44be5e2962c7703de54a8cfcc0dfe9221
12 CHECK_OK 1710145035 788d119e499fee7d2ebfca973c0304f32ac48208
13 CANCEL_DEP_PB 1710145035 7d60b2000e1a2d347638a0e795ad25718ee598b0
14 START 1710145035 a82812348109f24033d67e2fec43972e8bc5b52b
14 CHECK_OK 1710145052 025e57f754ade1221e50c2146bc79c21c8a14efc
15 START 1710145052 525162b0fe4c9fb191e4869b5c1ab1de765935a2
15 CHECK_OK 1710145083 26cbd41712fa6591546b6b25c723d57afe95b9e6
16 START 1710145083 622b0a4f703ff02bd4d7849af361ce30d2f5adfd
16 CHECK_OK 1710145138 b4c8478cd5d97522efc110293fc0d52ef5767dda
17 START 1710145138 e0cf077b131516cefd7ffad96159821f1f21ec94
17 START 1710145188 cfe76132c1cef944f8dba8fbd108d2d7f5442dc2
17 START 1710145203 3c809af6ef592b7147ded24df419aabab2d14b4c
17 CHECK_OOPS 1710145214 b3d70d3802a8768865e8ab4a103924b1c8b5c14a
17 START 1710145214 b322d9fe3b64b424802449a8fd230903ca165a07
17 START 1710145232 eb312eda0d862f2b0bd2533f19fea4a7ea4ab53c
17 CHECK_OK 1710145243 233a86ca93bab0ad26c547ea938925c238d1cb6a
18 CANCEL_DEP_PB 1710145243 f66a2dda5701ff2ac0edc65bb289ac3ba8b2511f
19 START 1710145243 aea4b085f939e83ec63f8fb0d6bbf82293c63cec
19 EXIT 1710145305 3ee13d637b881fc104d8c55983f7a0c93492d170
#>>> 2024-03-11 04:22:00
19 START 1710145320 58d086a90dbdc83394d73fba3f312021f7203fee
19 CHECK_OK 1710145378 bcd3b393c6637dcdbb65874e33d829701ada5330
20 START 1710145378 843b6c3c7dcb9955efa8c4dc10bef15b33e22d09
20 CHECK_OK 1710145411 5cfb88acb7e1d60d7321bafbba896c60373c9ef5
21 START 1710145411 b41c905e7c7b34f20a05ca988ce087f19df856e3
21 CHECK_OK 1710145511 794b92c3c9373cafdffe73a03fefab2509078607
22 START 1710145511 3e08a4ba828457e4cc74af6134757246475f92e0
22 CHECK_OK 1710145669 fd5a99ea60c6fb76bc3d007e0684aacea3a9cf24
23 START 1710145669 1233a5f688a1254b111c6f9b54c20c2607830cac
23 CHECK_OK 1710145751 93e190aa31be18bb81996fa1670f616030c83028
24 START 1710145751 f321203622fe6e82818659707bb4b266628f9953
24 CHECK_OK 1710145783 d388cd446aeba1e24b4acb40ad1794e0d56f6625
25 START 1710145783 d85894339d176769215d4586a085e063999f854f
25 CHECK_OOPS 1710145867 08c8a3c8a73b08fb4b9c64cd9bf5ebb4d0780f00
25 START 1710145868 c54a58c4ec168f1e3198658dbc252b5494d036de
25 CHECK_OK 1710145954 4ac7026804cf58139719cae3457832af9bf6a3f5
26 START 1710145954 6667ee8eea32370cec472b504132a856549a76d5
26 CHECK_OK 1710146032 5db2d4a7ce59328d1f7f0b51a612d2d7e8d8bfbc
27 START 1710146032 285783de697e052b0cc609729f7689d8a4114c94
27 TERM 1710146104 91380b0139c80e92b6a94c382e031998dab55f82
#>>> 2024-03-11 04:35:09
27 START 1710146109 7f4300750a23e3b8da9de61072b03ce47b64dd0d
27 CHECK_OK 1710146259 a6263b035172a2678527ab5a141fe8efa5668ea7
28 START 1710146259 3087bdc5c5ff4b3f17930e833d73cf7379adac33
28 CHECK_OOPS 1710146315 6553ca9c16cf9a0a086dadc82b75695820b07d82
28 START 1710146315 1bf128a156d9f8ced2cfd3c00d21053064333cbe
28 CHECK_OOPS 1710146352 5c0406172229b8c2c987e0e834fd1f8f0a71ec2e
28 START 1710146352 2cc9025de36f583ad07ce45c394e291d7adc9626
28 CHECK_OK 1710146391 8cd499368e4e0c91f88db59f8754c133356ea69b
29 START 1710146391 40c503cde9f32abd20f9816674cc7e1efc17b5ed
29 CHECK_OK 1710146527 495cb278519a1c0a578939f79530b07408de6987
30 START 1710146527 b7b7a3e7739339634ec0eccf820ed00315e9f8e2
30 CHECK_OOPS 1710146546 af180d505a11b351cc976873a7872d4c0d2a2a1d
30 START 1710146547 ea06ecb356acb6155c63f3734ec2c1df5d4c7190
30 CHECK_OK 1710146585 e2189424b9f3ce2d94e407f2953b01218047f439
31 START 1710146585 84ab21fe5d257a02d0f97b973335f3645e9f480f
31 CHECK_OK 1710146663 caa90a866283be7871d2ad530c2810f46411466d
32 START 1710146664 b7b46f0e380a17792fcc826ca82d4aa24d2dfca0
32 CHECK_OK 1710146776 e9f31bd0dc48ac199e6404fd7e78431cd65b1a0a
33 START 1710146779 f3501457c5d915a661eb6952b6b98eb97482832b
33 CHECK_OK 1710147177 cdf670b6e9b78e5abecf413b64c7019f7c3e751d
34 START 1710147177 134fbbbfce7f016621ab02dab6a1928f1e719607
34 CHECK_OOPS 1710147543 e86fddbb0a913c4007435b33e0ea344fe7086a99
34 START 1710147543 8b15611fc795bbeecabdea34577a26e7cd472338
34 CHECK_OOPS 1710147579 5993d449ff1e569cf392a910dd5c434295333581
34 START 1710147579 b421be89d0c98c9c3b3c121695734e3d5515546d
34 CHECK_OOPS 1710147686 ca09c3b59862de82353f7a8169660d967d9e631e
34 START 1710147686 d61f678cefbc590f0aa80a2e91d43527437ef8fb
34 CHECK_OOPS 1710147730 3478fe7746fb058d3ccae11bb4088cdcc6c324ef
34 START 1710147730 09c119344ecc0e3f8811a82ae42500a65ffa276f
34 CHECK_OK 1710147762 b0ba64af0e8b9f3f4773fcf9bb57657eff632926
35 START 1710147762 d4d8c135eda546281b8c1c0bfdc3f5f27212986d
35 CHECK_OOPS 1710147790 93cec933eb9551e818c492c593e2d4954037bb48
35 START 1710147790 26d11f749e69ac05600ad47b778fae554873882f
35 CHECK_OK 1710147842 1858b0675744ea969bd1854f546547bc7a66b72d
36 START 1710147842 ae25bd24ce728b0d5a6ec15927d4512a566ea0cf
36 CHECK_OOPS 1710148054 19942eb96605b8e81f083b57e16a817b23588ce4
36 START 1710148054 430937f694006616c1e7c9b7f731daa84401fa75
36 CHECK_OOPS 1710148075 8cd74b477d9a0b141c7054d17ed54e2420a7407a
36 START 1710148075 7e3a44e5a2cbd3b8170dc234ebb5d81bd844acd7
36 CHECK_OK 1710148174 9554527b95098db0dbea70667d4a1de3f8fb0d21
37 START 1710148174 5e557994e731af461bf6bc19bd787c51ac06f016
37 CHECK_OK 1710148309 aafe358a9256f4125f60a36d8a4711beb7ad03de
38 START 1710148309 73993ed40ca6ed50e09e0b28fefeba6d873d1687
#>>> 2024-03-11 05:39:34
38 START 1710149974 040cac9faa5eb4695a4a6648b92616aabd9936c6
38 CHECK_OOPS 1710150095 cb2d0e10b074775d0cb0738948c21912f6602d00
38 START 1710150095 a210c91fb29dcc237973bf01afebbb588a91080d
38 CHECK_OK 1710150164 02fc87b014826edd2efc6642e238674420330561
39 START 1710150164 966e11d5388fee03d1cd820a935a7071cb51bc66
39 EXIT 1710150453 e30ec4a2ce3c6a310c77e2a7d2e7067856df266b
#>>> 2024-03-11 05:53:30
39 START 1710150810 8af0b30ac02d259406b26ec1d069b1c2bbae7479
39 CHECK_OK 1710150995 bbbf800dd6404dd24313f51e528ca6ebc8adddbc
40 START 1710150995 86432570be887e2087158af6a1202f787f51a539
40 START 1710151233 aba4fd9b7e3f1070a6bb933c34831766023961c6
40 START 1710151368 d4194eaa38f30af401d07effa3984dd5ca36423b
40 CHECK_OK 1710151399 c93cde21037bbfbb52247f053c4f454cb4d2c7e8
41 START 1710151399 cf63e0b27c4ce6cb7f326b076f4f2575af2c3719
41 START 1710151548 7c1515389d150acdfd311f6c69a2fb82abc33964
41 EXIT 1710151786 906decbb4ee332c0cf5a63a8b3f42843b1502673
